# JRE version: OpenJDK Runtime Environment Temurin-17.0.7+7 (17.0.7+7) (build 17.0.7+7)
# Java VM: OpenJDK 64-Bit Server VM Temurin-17.0.7+7 (17.0.7+7, mixed mode, tiered, compressed oops, compressed class ptrs, parallel gc, linux-amd64)
GC Precious Log:
 CPUs: 4 total, 4 available
 Memory: 7372M
 Large Page Support: Disabled
 NUMA Support: Disabled
 Compressed Oops: Enabled (32-bit)
 Alignments: Space 512K, Generation 512K, Heap 2M
 Heap Min Capacity: 100M
 Heap Initial Capacity: 100M
 Heap Max Capacity: 1G
 Pre-touch: Disabled
 Parallel Workers: 4
Heap:
 PSYoungGen      total 10752K, used 2037K [0x00000000eab00000, 0x00000000ecb80000, 0x0000000100000000)
  eden space 8704K, 0% used [0x00000000eab00000,0x00000000eab00000,0x00000000eb380000)
  from space 2048K, 99% used [0x00000000ebd00000,0x00000000ebefd5e0,0x00000000ebf00000)
  to   space 9728K, 0% used [0x00000000eb380000,0x00000000eb380000,0x00000000ebd00000)
 ParOldGen       total 223232K, used 223227K [0x00000000c0000000, 0x00000000cda00000, 0x00000000eab00000)
  object space 223232K, 99% used [0x00000000c0000000,0x00000000cd9fef60,0x00000000cda00000)
 Metaspace       used 63474K, committed 64576K, reserved 1114112K
  class space    used 6882K, committed 7296K, reserved 1048576K
GC Heap History (20 events):
Event: 36,523 GC heap after
{Heap after GC invocations=131 (full 7):
 PSYoungGen      total 20480K, used 2808K [0x00000000eab00000, 0x00000000ec300000, 0x0000000100000000)
  eden space 16384K, 0% used [0x00000000eab00000,0x00000000eab00000,0x00000000ebb00000)
  from space 4096K, 68% used [0x00000000ebb00000,0x00000000ebdbe148,0x00000000ebf00000)
  to   space 3072K, 0% used [0x00000000ec000000,0x00000000ec000000,0x00000000ec300000)
 ParOldGen       total 194560K, used 167587K [0x00000000c0000000, 0x00000000cbe00000, 0x00000000eab00000)
  object space 194560K, 86% used [0x00000000c0000000,0x00000000ca3a8c10,0x00000000cbe00000)
 Metaspace       used 62992K, committed 64128K, reserved 1114112K
  class space    used 6846K, committed 7296K, reserved 1048576K
}
Event: 36,573 GC heap before
{Heap before GC invocations=132 (full 7):
 PSYoungGen      total 20480K, used 19149K [0x00000000eab00000, 0x00000000ec300000, 0x0000000100000000)
  eden space 16384K, 99% used [0x00000000eab00000,0x00000000ebaf53f0,0x00000000ebb00000)
  from space 4096K, 68% used [0x00000000ebb00000,0x00000000ebdbe148,0x00000000ebf00000)
  to   space 3072K, 0% used [0x00000000ec000000,0x00000000ec000000,0x00000000ec300000)
 ParOldGen       total 194560K, used 167587K [0x00000000c0000000, 0x00000000cbe00000, 0x00000000eab00000)
  object space 194560K, 86% used [0x00000000c0000000,0x00000000ca3a8c10,0x00000000cbe00000)
 Metaspace       used 63033K, committed 64128K, reserved 1114112K
  class space    used 6849K, committed 7296K, reserved 1048576K
}
Event: 36,579 GC heap after
{Heap after GC invocations=132 (full 7):
 PSYoungGen      total 19968K, used 1049K [0x00000000eab00000, 0x00000000ec180000, 0x0000000100000000)
  eden space 18432K, 0% used [0x00000000eab00000,0x00000000eab00000,0x00000000ebd00000)
  from space 1536K, 68% used [0x00000000ec000000,0x00000000ec106790,0x00000000ec180000)
  to   space 2048K, 0% used [0x00000000ebd80000,0x00000000ebd80000,0x00000000ebf80000)
 ParOldGen       total 194560K, used 169097K [0x00000000c0000000, 0x00000000cbe00000, 0x00000000eab00000)
  object space 194560K, 86% used [0x00000000c0000000,0x00000000ca522730,0x00000000cbe00000)
 Metaspace       used 63033K, committed 64128K, reserved 1114112K
  class space    used 6849K, committed 7296K, reserved 1048576K
}
Event: 36,653 GC heap before
{Heap before GC invocations=133 (full 7):
 PSYoungGen      total 19968K, used 19481K [0x00000000eab00000, 0x00000000ec180000, 0x0000000100000000)
  eden space 18432K, 100% used [0x00000000eab00000,0x00000000ebd00000,0x00000000ebd00000)
  from space 1536K, 68% used [0x00000000ec000000,0x00000000ec106790,0x00000000ec180000)
  to   space 2048K, 0% used [0x00000000ebd80000,0x00000000ebd80000,0x00000000ebf80000)
 ParOldGen       total 194560K, used 169101K [0x00000000c0000000, 0x00000000cbe00000, 0x00000000eab00000)
  object space 194560K, 86% used [0x00000000c0000000,0x00000000ca5236d0,0x00000000cbe00000)
 Metaspace       used 63065K, committed 64192K, reserved 1114112K
  class space    used 6850K, committed 7296K, reserved 1048576K
}
Event: 36,665 GC heap after
{Heap after GC invocations=133 (full 7):
 PSYoungGen      total 20480K, used 1919K [0x00000000eab00000, 0x00000000ec200000, 0x0000000100000000)
  eden space 18432K, 0% used [0x00000000eab00000,0x00000000eab00000,0x00000000ebd00000)
  from space 2048K, 93% used [0x00000000ebd80000,0x00000000ebf5fd20,0x00000000ebf80000)
  to   space 2560K, 0% used [0x00000000ebf80000,0x00000000ebf80000,0x00000000ec200000)
 ParOldGen       total 194560K, used 176332K [0x00000000c0000000, 0x00000000cbe00000, 0x00000000eab00000)
  object space 194560K, 90% used [0x00000000c0000000,0x00000000cac331d0,0x00000000cbe00000)
 Metaspace       used 63065K, committed 64192K, reserved 1114112K
  class space    used 6850K, committed 7296K, reserved 1048576K
}
Event: 36,705 GC heap before
{Heap before GC invocations=134 (full 7):
 PSYoungGen      total 20480K, used 20351K [0x00000000eab00000, 0x00000000ec200000, 0x0000000100000000)
  eden space 18432K, 100% used [0x00000000eab00000,0x00000000ebd00000,0x00000000ebd00000)
  from space 2048K, 93% used [0x00000000ebd80000,0x00000000ebf5fd20,0x00000000ebf80000)
  to   space 2560K, 0% used [0x00000000ebf80000,0x00000000ebf80000,0x00000000ec200000)
 ParOldGen       total 194560K, used 176363K [0x00000000c0000000, 0x00000000cbe00000, 0x00000000eab00000)
  object space 194560K, 90% used [0x00000000c0000000,0x00000000cac3af38,0x00000000cbe00000)
 Metaspace       used 63065K, committed 64192K, reserved 1114112K
  class space    used 6850K, committed 7296K, reserved 1048576K
}
Event: 36,720 GC heap after
{Heap after GC invocations=134 (full 7):
 PSYoungGen      total 10240K, used 2538K [0x00000000eab00000, 0x00000000ed980000, 0x0000000100000000)
  eden space 7680K, 0% used [0x00000000eab00000,0x00000000eab00000,0x00000000eb280000)
  from space 2560K, 99% used [0x00000000ebf80000,0x00000000ec1fa868,0x00000000ec200000)
  to   space 13312K, 0% used [0x00000000eb280000,0x00000000eb280000,0x00000000ebf80000)
 ParOldGen       total 194560K, used 185414K [0x00000000c0000000, 0x00000000cbe00000, 0x00000000eab00000)
  object space 194560K, 95% used [0x00000000c0000000,0x00000000cb511860,0x00000000cbe00000)
 Metaspace       used 63065K, committed 64192K, reserved 1114112K
  class space    used 6850K, committed 7296K, reserved 1048576K
}
Event: 36,720 GC heap before
{Heap before GC invocations=135 (full 8):
 PSYoungGen      total 10240K, used 2538K [0x00000000eab00000, 0x00000000ed980000, 0x0000000100000000)
  eden space 7680K, 0% used [0x00000000eab00000,0x00000000eab00000,0x00000000eb280000)
  from space 2560K, 99% used [0x00000000ebf80000,0x00000000ec1fa868,0x00000000ec200000)
  to   space 13312K, 0% used [0x00000000eb280000,0x00000000eb280000,0x00000000ebf80000)
 ParOldGen       total 194560K, used 185414K [0x00000000c0000000, 0x00000000cbe00000, 0x00000000eab00000)
  object space 194560K, 95% used [0x00000000c0000000,0x00000000cb511860,0x00000000cbe00000)
 Metaspace       used 63065K, committed 64192K, reserved 1114112K
  class space    used 6850K, committed 7296K, reserved 1048576K
}
Event: 36,949 GC heap after
{Heap after GC invocations=135 (full 8):
 PSYoungGen      total 20992K, used 0K [0x00000000eab00000, 0x00000000ecd80000, 0x0000000100000000)
  eden space 7680K, 0% used [0x00000000eab00000,0x00000000eab00000,0x00000000eb280000)
  from space 13312K, 0% used [0x00000000eb280000,0x00000000eb280000,0x00000000ebf80000)
  to   space 13312K, 0% used [0x00000000ec080000,0x00000000ec080000,0x00000000ecd80000)
 ParOldGen       total 220160K, used 177536K [0x00000000c0000000, 0x00000000cd700000, 0x00000000eab00000)
  object space 220160K, 80% used [0x00000000c0000000,0x00000000cad60098,0x00000000cd700000)
 Metaspace       used 63065K, committed 64192K, reserved 1114112K
  class space    used 6850K, committed 7296K, reserved 1048576K
}
Event: 36,985 GC heap before
{Heap before GC invocations=136 (full 8):
 PSYoungGen      total 20992K, used 7680K [0x00000000eab00000, 0x00000000ecd80000, 0x0000000100000000)
  eden space 7680K, 100% used [0x00000000eab00000,0x00000000eb280000,0x00000000eb280000)
  from space 13312K, 0% used [0x00000000eb280000,0x00000000eb280000,0x00000000ebf80000)
  to   space 13312K, 0% used [0x00000000ec080000,0x00000000ec080000,0x00000000ecd80000)
 ParOldGen       total 220160K, used 192858K [0x00000000c0000000, 0x00000000cd700000, 0x00000000eab00000)
  object space 220160K, 87% used [0x00000000c0000000,0x00000000cbc56be0,0x00000000cd700000)
 Metaspace       used 63066K, committed 64192K, reserved 1114112K
  class space    used 6850K, committed 7296K, reserved 1048576K
}
Event: 36,991 GC heap after
{Heap after GC invocations=136 (full 8):
 PSYoungGen      total 10752K, used 1583K [0x00000000eab00000, 0x00000000ec280000, 0x0000000100000000)
  eden space 8704K, 0% used [0x00000000eab00000,0x00000000eab00000,0x00000000eb380000)
  from space 2048K, 77% used [0x00000000ec080000,0x00000000ec20bd78,0x00000000ec280000)
  to   space 5632K, 0% used [0x00000000eb780000,0x00000000eb780000,0x00000000ebd00000)
 ParOldGen       total 220160K, used 192858K [0x00000000c0000000, 0x00000000cd700000, 0x00000000eab00000)
  object space 220160K, 87% used [0x00000000c0000000,0x00000000cbc56be0,0x00000000cd700000)
 Metaspace       used 63066K, committed 64192K, reserved 1114112K
  class space    used 6850K, committed 7296K, reserved 1048576K
}
Event: 37,045 GC heap before
{Heap before GC invocations=137 (full 8):
 PSYoungGen      total 10752K, used 10287K [0x00000000eab00000, 0x00000000ec280000, 0x0000000100000000)
  eden space 8704K, 100% used [0x00000000eab00000,0x00000000eb380000,0x00000000eb380000)
  from space 2048K, 77% used [0x00000000ec080000,0x00000000ec20bd78,0x00000000ec280000)
  to   space 5632K, 0% used [0x00000000eb780000,0x00000000eb780000,0x00000000ebd00000)
 ParOldGen       total 220160K, used 203868K [0x00000000c0000000, 0x00000000cd700000, 0x00000000eab00000)
  object space 220160K, 92% used [0x00000000c0000000,0x00000000cc717180,0x00000000cd700000)
 Metaspace       used 63071K, committed 64192K, reserved 1114112K
  class space    used 6852K, committed 7296K, reserved 1048576K
}
Event: 37,052 GC heap after
{Heap after GC invocations=137 (full 8):
 PSYoungGen      total 15360K, used 2336K [0x00000000eab00000, 0x00000000ec100000, 0x0000000100000000)
  eden space 9728K, 0% used [0x00000000eab00000,0x00000000eab00000,0x00000000eb480000)
  from space 5632K, 41% used [0x00000000eb780000,0x00000000eb9c8350,0x00000000ebd00000)
  to   space 3072K, 0% used [0x00000000ebe00000,0x00000000ebe00000,0x00000000ec100000)
 ParOldGen       total 220160K, used 203868K [0x00000000c0000000, 0x00000000cd700000, 0x00000000eab00000)
  object space 220160K, 92% used [0x00000000c0000000,0x00000000cc717180,0x00000000cd700000)
 Metaspace       used 63071K, committed 64192K, reserved 1114112K
  class space    used 6852K, committed 7296K, reserved 1048576K
}
Event: 37,096 GC heap before
{Heap before GC invocations=138 (full 8):
 PSYoungGen      total 15360K, used 12064K [0x00000000eab00000, 0x00000000ec100000, 0x0000000100000000)
  eden space 9728K, 100% used [0x00000000eab00000,0x00000000eb480000,0x00000000eb480000)
  from space 5632K, 41% used [0x00000000eb780000,0x00000000eb9c8350,0x00000000ebd00000)
  to   space 3072K, 0% used [0x00000000ebe00000,0x00000000ebe00000,0x00000000ec100000)
 ParOldGen       total 220160K, used 214877K [0x00000000c0000000, 0x00000000cd700000, 0x00000000eab00000)
  object space 220160K, 97% used [0x00000000c0000000,0x00000000cd1d7720,0x00000000cd700000)
 Metaspace       used 63075K, committed 64192K, reserved 1114112K
  class space    used 6852K, committed 7296K, reserved 1048576K
}
Event: 37,103 GC heap after
{Heap after GC invocations=138 (full 8):
 PSYoungGen      total 13824K, used 3071K [0x00000000eab00000, 0x00000000ec100000, 0x0000000100000000)
  eden space 10752K, 0% used [0x00000000eab00000,0x00000000eab00000,0x00000000eb580000)
  from space 3072K, 99% used [0x00000000ebe00000,0x00000000ec0ffdd0,0x00000000ec100000)
  to   space 4096K, 0% used [0x00000000eb900000,0x00000000eb900000,0x00000000ebd00000)
 ParOldGen       total 220160K, used 215237K [0x00000000c0000000, 0x00000000cd700000, 0x00000000eab00000)
  object space 220160K, 97% used [0x00000000c0000000,0x00000000cd231400,0x00000000cd700000)
 Metaspace       used 63075K, committed 64192K, reserved 1114112K
  class space    used 6852K, committed 7296K, reserved 1048576K
}
Event: 37,146 GC heap before
{Heap before GC invocations=139 (full 8):
 PSYoungGen      total 13824K, used 13823K [0x00000000eab00000, 0x00000000ec100000, 0x0000000100000000)
  eden space 10752K, 100% used [0x00000000eab00000,0x00000000eb580000,0x00000000eb580000)
  from space 3072K, 99% used [0x00000000ebe00000,0x00000000ec0ffdd0,0x00000000ec100000)
  to   space 4096K, 0% used [0x00000000eb900000,0x00000000eb900000,0x00000000ebd00000)
 ParOldGen       total 220160K, used 215237K [0x00000000c0000000, 0x00000000cd700000, 0x00000000eab00000)
  object space 220160K, 97% used [0x00000000c0000000,0x00000000cd231400,0x00000000cd700000)
 Metaspace       used 63361K, committed 64512K, reserved 1114112K
  class space    used 6868K, committed 7296K, reserved 1048576K
}
Event: 37,155 GC heap after
{Heap after GC invocations=139 (full 8):
 PSYoungGen      total 16384K, used 3740K [0x00000000eab00000, 0x00000000ebf00000, 0x0000000100000000)
  eden space 12288K, 0% used [0x00000000eab00000,0x00000000eab00000,0x00000000eb700000)
  from space 4096K, 91% used [0x00000000eb900000,0x00000000ebca7028,0x00000000ebd00000)
  to   space 2048K, 0% used [0x00000000ebd00000,0x00000000ebd00000,0x00000000ebf00000)
 ParOldGen       total 220160K, used 216589K [0x00000000c0000000, 0x00000000cd700000, 0x00000000eab00000)
  object space 220160K, 98% used [0x00000000c0000000,0x00000000cd383488,0x00000000cd700000)
 Metaspace       used 63361K, committed 64512K, reserved 1114112K
  class space    used 6868K, committed 7296K, reserved 1048576K
}
Event: 37,189 GC heap before
{Heap before GC invocations=140 (full 8):
 PSYoungGen      total 16384K, used 16023K [0x00000000eab00000, 0x00000000ebf00000, 0x0000000100000000)
  eden space 12288K, 99% used [0x00000000eab00000,0x00000000eb6fef38,0x00000000eb700000)
  from space 4096K, 91% used [0x00000000eb900000,0x00000000ebca7028,0x00000000ebd00000)
  to   space 2048K, 0% used [0x00000000ebd00000,0x00000000ebd00000,0x00000000ebf00000)
 ParOldGen       total 220160K, used 216589K [0x00000000c0000000, 0x00000000cd700000, 0x00000000eab00000)
  object space 220160K, 98% used [0x00000000c0000000,0x00000000cd383488,0x00000000cd700000)
 Metaspace       used 63474K, committed 64576K, reserved 1114112K
  class space    used 6882K, committed 7296K, reserved 1048576K
}
Event: 37,212 GC heap after
{Heap after GC invocations=140 (full 8):
 PSYoungGen      total 10752K, used 2037K [0x00000000eab00000, 0x00000000ecb80000, 0x0000000100000000)
  eden space 8704K, 0% used [0x00000000eab00000,0x00000000eab00000,0x00000000eb380000)
  from space 2048K, 99% used [0x00000000ebd00000,0x00000000ebefd5e0,0x00000000ebf00000)
  to   space 9728K, 0% used [0x00000000eb380000,0x00000000eb380000,0x00000000ebd00000)
 ParOldGen       total 223232K, used 223227K [0x00000000c0000000, 0x00000000cda00000, 0x00000000eab00000)
  object space 223232K, 99% used [0x00000000c0000000,0x00000000cd9fef60,0x00000000cda00000)
 Metaspace       used 63474K, committed 64576K, reserved 1114112K
  class space    used 6882K, committed 7296K, reserved 1048576K
}
Event: 37,212 GC heap before
{Heap before GC invocations=141 (full 9):
 PSYoungGen      total 10752K, used 2037K [0x00000000eab00000, 0x00000000ecb80000, 0x0000000100000000)
  eden space 8704K, 0% used [0x00000000eab00000,0x00000000eab00000,0x00000000eb380000)
  from space 2048K, 99% used [0x00000000ebd00000,0x00000000ebefd5e0,0x00000000ebf00000)
  to   space 9728K, 0% used [0x00000000eb380000,0x00000000eb380000,0x00000000ebd00000)
 ParOldGen       total 223232K, used 223227K [0x00000000c0000000, 0x00000000cda00000, 0x00000000eab00000)
  object space 223232K, 99% used [0x00000000c0000000,0x00000000cd9fef60,0x00000000cda00000)
 Metaspace       used 63474K, committed 64576K, reserved 1114112K
  class space    used 6882K, committed 7296K, reserved 1048576K
}

