# JRE version: OpenJDK Runtime Environment Temurin-17.0.7+7 (17.0.7+7) (build 17.0.7+7)
# Java VM: OpenJDK 64-Bit Server VM Temurin-17.0.7+7 (17.0.7+7, mixed mode, tiered, compressed oops, compressed class ptrs, parallel gc, linux-amd64)
GC Precious Log:
 CPUs: 4 total, 4 available
 Memory: 7372M
 Large Page Support: Disabled
 NUMA Support: Disabled
 Compressed Oops: Enabled (32-bit)
 Alignments: Space 512K, Generation 512K, Heap 2M
 Heap Min Capacity: 100M
 Heap Initial Capacity: 100M
 Heap Max Capacity: 1G
 Pre-touch: Disabled
 Parallel Workers: 4
Heap:
 PSYoungGen      total 20992K, used 17020K [0x00000000eab00000, 0x00000000ec380000, 0x0000000100000000)
  eden space 19968K, 80% used [0x00000000eab00000,0x00000000ebaa1e30,0x00000000ebe80000)
  from space 1024K, 98% used [0x00000000ebe80000,0x00000000ebf7d418,0x00000000ebf80000)
  to   space 2560K, 0% used [0x00000000ec100000,0x00000000ec100000,0x00000000ec380000)
 ParOldGen       total 68608K, used 36048K [0x00000000c0000000, 0x00000000c4300000, 0x00000000eab00000)
  object space 68608K, 52% used [0x00000000c0000000,0x00000000c23340a0,0x00000000c4300000)
 Metaspace       used 66709K, committed 67968K, reserved 1114112K
  class space    used 7212K, committed 7744K, reserved 1048576K
GC Heap History (20 events):
Event: 11,889 GC heap before
{Heap before GC invocations=25 (full 2):
 PSYoungGen      total 20480K, used 20256K [0x00000000eab00000, 0x00000000ec180000, 0x0000000100000000)
  eden space 19968K, 100% used [0x00000000eab00000,0x00000000ebe80000,0x00000000ebe80000)
  from space 512K, 56% used [0x00000000ec100000,0x00000000ec148000,0x00000000ec180000)
  to   space 1024K, 0% used [0x00000000ebf80000,0x00000000ebf80000,0x00000000ec080000)
 ParOldGen       total 68608K, used 33268K [0x00000000c0000000, 0x00000000c4300000, 0x00000000eab00000)
  object space 68608K, 48% used [0x00000000c0000000,0x00000000c207d230,0x00000000c4300000)
 Metaspace       used 56538K, committed 57536K, reserved 1114112K
  class space    used 6212K, committed 6592K, reserved 1048576K
}
Event: 11,893 GC heap after
{Heap after GC invocations=25 (full 2):
 PSYoungGen      total 20992K, used 1021K [0x00000000eab00000, 0x00000000ec280000, 0x0000000100000000)
  eden space 19968K, 0% used [0x00000000eab00000,0x00000000eab00000,0x00000000ebe80000)
  from space 1024K, 99% used [0x00000000ebf80000,0x00000000ec07f7b8,0x00000000ec080000)
  to   space 2048K, 0% used [0x00000000ec080000,0x00000000ec080000,0x00000000ec280000)
 ParOldGen       total 68608K, used 34028K [0x00000000c0000000, 0x00000000c4300000, 0x00000000eab00000)
  object space 68608K, 49% used [0x00000000c0000000,0x00000000c213b2f0,0x00000000c4300000)
 Metaspace       used 56538K, committed 57536K, reserved 1114112K
  class space    used 6212K, committed 6592K, reserved 1048576K
}
Event: 12,054 GC heap before
{Heap before GC invocations=26 (full 2):
 PSYoungGen      total 20992K, used 20845K [0x00000000eab00000, 0x00000000ec280000, 0x0000000100000000)
  eden space 19968K, 99% used [0x00000000eab00000,0x00000000ebe5be78,0x00000000ebe80000)
  from space 1024K, 99% used [0x00000000ebf80000,0x00000000ec07f7b8,0x00000000ec080000)
  to   space 2048K, 0% used [0x00000000ec080000,0x00000000ec080000,0x00000000ec280000)
 ParOldGen       total 68608K, used 34028K [0x00000000c0000000, 0x00000000c4300000, 0x00000000eab00000)
  object space 68608K, 49% used [0x00000000c0000000,0x00000000c213b2f0,0x00000000c4300000)
 Metaspace       used 57641K, committed 58624K, reserved 1114112K
  class space    used 6328K, committed 6720K, reserved 1048576K
}
Event: 12,060 GC heap after
{Heap after GC invocations=26 (full 2):
 PSYoungGen      total 22016K, used 1482K [0x00000000eab00000, 0x00000000ec280000, 0x0000000100000000)
  eden space 19968K, 0% used [0x00000000eab00000,0x00000000eab00000,0x00000000ebe80000)
  from space 2048K, 72% used [0x00000000ec080000,0x00000000ec1f2920,0x00000000ec280000)
  to   space 2048K, 0% used [0x00000000ebe80000,0x00000000ebe80000,0x00000000ec080000)
 ParOldGen       total 68608K, used 35061K [0x00000000c0000000, 0x00000000c4300000, 0x00000000eab00000)
  object space 68608K, 51% used [0x00000000c0000000,0x00000000c223d580,0x00000000c4300000)
 Metaspace       used 57641K, committed 58624K, reserved 1114112K
  class space    used 6328K, committed 6720K, reserved 1048576K
}
Event: 12,202 GC heap before
{Heap before GC invocations=27 (full 2):
 PSYoungGen      total 22016K, used 21450K [0x00000000eab00000, 0x00000000ec280000, 0x0000000100000000)
  eden space 19968K, 100% used [0x00000000eab00000,0x00000000ebe80000,0x00000000ebe80000)
  from space 2048K, 72% used [0x00000000ec080000,0x00000000ec1f2920,0x00000000ec280000)
  to   space 2048K, 0% used [0x00000000ebe80000,0x00000000ebe80000,0x00000000ec080000)
 ParOldGen       total 68608K, used 35061K [0x00000000c0000000, 0x00000000c4300000, 0x00000000eab00000)
  object space 68608K, 51% used [0x00000000c0000000,0x00000000c223d580,0x00000000c4300000)
 Metaspace       used 58432K, committed 59456K, reserved 1114112K
  class space    used 6395K, committed 6784K, reserved 1048576K
}
Event: 12,205 GC heap after
{Heap after GC invocations=27 (full 2):
 PSYoungGen      total 20480K, used 192K [0x00000000eab00000, 0x00000000ec100000, 0x0000000100000000)
  eden space 19968K, 0% used [0x00000000eab00000,0x00000000eab00000,0x00000000ebe80000)
  from space 512K, 37% used [0x00000000ebe80000,0x00000000ebeb0000,0x00000000ebf00000)
  to   space 1024K, 0% used [0x00000000ec000000,0x00000000ec000000,0x00000000ec100000)
 ParOldGen       total 68608K, used 35465K [0x00000000c0000000, 0x00000000c4300000, 0x00000000eab00000)
  object space 68608K, 51% used [0x00000000c0000000,0x00000000c22a26d8,0x00000000c4300000)
 Metaspace       used 58432K, committed 59456K, reserved 1114112K
  class space    used 6395K, committed 6784K, reserved 1048576K
}
Event: 12,254 GC heap before
{Heap before GC invocations=28 (full 2):
 PSYoungGen      total 20480K, used 2211K [0x00000000eab00000, 0x00000000ec100000, 0x0000000100000000)
  eden space 19968K, 10% used [0x00000000eab00000,0x00000000eacf8f78,0x00000000ebe80000)
  from space 512K, 37% used [0x00000000ebe80000,0x00000000ebeb0000,0x00000000ebf00000)
  to   space 1024K, 0% used [0x00000000ec000000,0x00000000ec000000,0x00000000ec100000)
 ParOldGen       total 68608K, used 35465K [0x00000000c0000000, 0x00000000c4300000, 0x00000000eab00000)
  object space 68608K, 51% used [0x00000000c0000000,0x00000000c22a26d8,0x00000000c4300000)
 Metaspace       used 58820K, committed 59776K, reserved 1114112K
  class space    used 6436K, committed 6784K, reserved 1048576K
}
Event: 12,256 GC heap after
{Heap after GC invocations=28 (full 2):
 PSYoungGen      total 20480K, used 96K [0x00000000eab00000, 0x00000000ec080000, 0x0000000100000000)
  eden space 19968K, 0% used [0x00000000eab00000,0x00000000eab00000,0x00000000ebe80000)
  from space 512K, 18% used [0x00000000ec000000,0x00000000ec018000,0x00000000ec080000)
  to   space 512K, 0% used [0x00000000ebe80000,0x00000000ebe80000,0x00000000ebf00000)
 ParOldGen       total 68608K, used 35604K [0x00000000c0000000, 0x00000000c4300000, 0x00000000eab00000)
  object space 68608K, 51% used [0x00000000c0000000,0x00000000c22c5248,0x00000000c4300000)
 Metaspace       used 58820K, committed 59776K, reserved 1114112K
  class space    used 6436K, committed 6784K, reserved 1048576K
}
Event: 12,257 GC heap before
{Heap before GC invocations=29 (full 3):
 PSYoungGen      total 20480K, used 96K [0x00000000eab00000, 0x00000000ec080000, 0x0000000100000000)
  eden space 19968K, 0% used [0x00000000eab00000,0x00000000eab00000,0x00000000ebe80000)
  from space 512K, 18% used [0x00000000ec000000,0x00000000ec018000,0x00000000ec080000)
  to   space 512K, 0% used [0x00000000ebe80000,0x00000000ebe80000,0x00000000ebf00000)
 ParOldGen       total 68608K, used 35604K [0x00000000c0000000, 0x00000000c4300000, 0x00000000eab00000)
  object space 68608K, 51% used [0x00000000c0000000,0x00000000c22c5248,0x00000000c4300000)
 Metaspace       used 58820K, committed 59776K, reserved 1114112K
  class space    used 6436K, committed 6784K, reserved 1048576K
}
Event: 12,401 GC heap after
{Heap after GC invocations=29 (full 3):
 PSYoungGen      total 20480K, used 0K [0x00000000eab00000, 0x00000000ec080000, 0x0000000100000000)
  eden space 19968K, 0% used [0x00000000eab00000,0x00000000eab00000,0x00000000ebe80000)
  from space 512K, 0% used [0x00000000ec000000,0x00000000ec000000,0x00000000ec080000)
  to   space 512K, 0% used [0x00000000ebe80000,0x00000000ebe80000,0x00000000ebf00000)
 ParOldGen       total 68608K, used 32890K [0x00000000c0000000, 0x00000000c4300000, 0x00000000eab00000)
  object space 68608K, 47% used [0x00000000c0000000,0x00000000c201e920,0x00000000c4300000)
 Metaspace       used 58818K, committed 59776K, reserved 1114112K
  class space    used 6436K, committed 6784K, reserved 1048576K
}
Event: 12,665 GC heap before
{Heap before GC invocations=30 (full 3):
 PSYoungGen      total 20480K, used 19967K [0x00000000eab00000, 0x00000000ec080000, 0x0000000100000000)
  eden space 19968K, 99% used [0x00000000eab00000,0x00000000ebe7fff0,0x00000000ebe80000)
  from space 512K, 0% used [0x00000000ec000000,0x00000000ec000000,0x00000000ec080000)
  to   space 512K, 0% used [0x00000000ebe80000,0x00000000ebe80000,0x00000000ebf00000)
 ParOldGen       total 68608K, used 32890K [0x00000000c0000000, 0x00000000c4300000, 0x00000000eab00000)
  object space 68608K, 47% used [0x00000000c0000000,0x00000000c201e920,0x00000000c4300000)
 Metaspace       used 60001K, committed 61056K, reserved 1114112K
  class space    used 6550K, committed 6976K, reserved 1048576K
}
Event: 12,668 GC heap after
{Heap after GC invocations=30 (full 3):
 PSYoungGen      total 20480K, used 512K [0x00000000eab00000, 0x00000000ec080000, 0x0000000100000000)
  eden space 19968K, 0% used [0x00000000eab00000,0x00000000eab00000,0x00000000ebe80000)
  from space 512K, 100% used [0x00000000ebe80000,0x00000000ebf00000,0x00000000ebf00000)
  to   space 1024K, 0% used [0x00000000ebf80000,0x00000000ebf80000,0x00000000ec080000)
 ParOldGen       total 68608K, used 33246K [0x00000000c0000000, 0x00000000c4300000, 0x00000000eab00000)
  object space 68608K, 48% used [0x00000000c0000000,0x00000000c2077b58,0x00000000c4300000)
 Metaspace       used 60001K, committed 61056K, reserved 1114112K
  class space    used 6550K, committed 6976K, reserved 1048576K
}
Event: 13,044 GC heap before
{Heap before GC invocations=31 (full 3):
 PSYoungGen      total 20480K, used 20428K [0x00000000eab00000, 0x00000000ec080000, 0x0000000100000000)
  eden space 19968K, 99% used [0x00000000eab00000,0x00000000ebe731d8,0x00000000ebe80000)
  from space 512K, 100% used [0x00000000ebe80000,0x00000000ebf00000,0x00000000ebf00000)
  to   space 1024K, 0% used [0x00000000ebf80000,0x00000000ebf80000,0x00000000ec080000)
 ParOldGen       total 68608K, used 33246K [0x00000000c0000000, 0x00000000c4300000, 0x00000000eab00000)
  object space 68608K, 48% used [0x00000000c0000000,0x00000000c2077b58,0x00000000c4300000)
 Metaspace       used 61209K, committed 62272K, reserved 1114112K
  class space    used 6680K, committed 7104K, reserved 1048576K
}
Event: 13,049 GC heap after
{Heap after GC invocations=31 (full 3):
 PSYoungGen      total 20992K, used 896K [0x00000000eab00000, 0x00000000ec080000, 0x0000000100000000)
  eden space 19968K, 0% used [0x00000000eab00000,0x00000000eab00000,0x00000000ebe80000)
  from space 1024K, 87% used [0x00000000ebf80000,0x00000000ec060000,0x00000000ec080000)
  to   space 1024K, 0% used [0x00000000ebe80000,0x00000000ebe80000,0x00000000ebf80000)
 ParOldGen       total 68608K, used 33716K [0x00000000c0000000, 0x00000000c4300000, 0x00000000eab00000)
  object space 68608K, 49% used [0x00000000c0000000,0x00000000c20ed1a8,0x00000000c4300000)
 Metaspace       used 61209K, committed 62272K, reserved 1114112K
  class space    used 6680K, committed 7104K, reserved 1048576K
}
Event: 13,185 GC heap before
{Heap before GC invocations=32 (full 3):
 PSYoungGen      total 20992K, used 20864K [0x00000000eab00000, 0x00000000ec080000, 0x0000000100000000)
  eden space 19968K, 100% used [0x00000000eab00000,0x00000000ebe80000,0x00000000ebe80000)
  from space 1024K, 87% used [0x00000000ebf80000,0x00000000ec060000,0x00000000ec080000)
  to   space 1024K, 0% used [0x00000000ebe80000,0x00000000ebe80000,0x00000000ebf80000)
 ParOldGen       total 68608K, used 33716K [0x00000000c0000000, 0x00000000c4300000, 0x00000000eab00000)
  object space 68608K, 49% used [0x00000000c0000000,0x00000000c20ed1a8,0x00000000c4300000)
 Metaspace       used 61578K, committed 62592K, reserved 1114112K
  class space    used 6712K, committed 7104K, reserved 1048576K
}
Event: 13,189 GC heap after
{Heap after GC invocations=32 (full 3):
 PSYoungGen      total 20992K, used 834K [0x00000000eab00000, 0x00000000ec080000, 0x0000000100000000)
  eden space 19968K, 0% used [0x00000000eab00000,0x00000000eab00000,0x00000000ebe80000)
  from space 1024K, 81% used [0x00000000ebe80000,0x00000000ebf50a80,0x00000000ebf80000)
  to   space 1024K, 0% used [0x00000000ebf80000,0x00000000ebf80000,0x00000000ec080000)
 ParOldGen       total 68608K, used 34571K [0x00000000c0000000, 0x00000000c4300000, 0x00000000eab00000)
  object space 68608K, 50% used [0x00000000c0000000,0x00000000c21c2d48,0x00000000c4300000)
 Metaspace       used 61578K, committed 62592K, reserved 1114112K
  class space    used 6712K, committed 7104K, reserved 1048576K
}
Event: 13,597 GC heap before
{Heap before GC invocations=33 (full 3):
 PSYoungGen      total 20992K, used 20802K [0x00000000eab00000, 0x00000000ec080000, 0x0000000100000000)
  eden space 19968K, 100% used [0x00000000eab00000,0x00000000ebe80000,0x00000000ebe80000)
  from space 1024K, 81% used [0x00000000ebe80000,0x00000000ebf50a80,0x00000000ebf80000)
  to   space 1024K, 0% used [0x00000000ebf80000,0x00000000ebf80000,0x00000000ec080000)
 ParOldGen       total 68608K, used 34571K [0x00000000c0000000, 0x00000000c4300000, 0x00000000eab00000)
  object space 68608K, 50% used [0x00000000c0000000,0x00000000c21c2d48,0x00000000c4300000)
 Metaspace       used 62787K, committed 63872K, reserved 1114112K
  class space    used 6828K, committed 7232K, reserved 1048576K
}
Event: 13,601 GC heap after
{Heap after GC invocations=33 (full 3):
 PSYoungGen      total 20992K, used 903K [0x00000000eab00000, 0x00000000ec080000, 0x0000000100000000)
  eden space 19968K, 0% used [0x00000000eab00000,0x00000000eab00000,0x00000000ebe80000)
  from space 1024K, 88% used [0x00000000ebf80000,0x00000000ec061eb0,0x00000000ec080000)
  to   space 1024K, 0% used [0x00000000ebe80000,0x00000000ebe80000,0x00000000ebf80000)
 ParOldGen       total 68608K, used 35162K [0x00000000c0000000, 0x00000000c4300000, 0x00000000eab00000)
  object space 68608K, 51% used [0x00000000c0000000,0x00000000c2256a00,0x00000000c4300000)
 Metaspace       used 62787K, committed 63872K, reserved 1114112K
  class space    used 6828K, committed 7232K, reserved 1048576K
}
Event: 14,807 GC heap before
{Heap before GC invocations=34 (full 3):
 PSYoungGen      total 20992K, used 20871K [0x00000000eab00000, 0x00000000ec080000, 0x0000000100000000)
  eden space 19968K, 100% used [0x00000000eab00000,0x00000000ebe80000,0x00000000ebe80000)
  from space 1024K, 88% used [0x00000000ebf80000,0x00000000ec061eb0,0x00000000ec080000)
  to   space 1024K, 0% used [0x00000000ebe80000,0x00000000ebe80000,0x00000000ebf80000)
 ParOldGen       total 68608K, used 35162K [0x00000000c0000000, 0x00000000c4300000, 0x00000000eab00000)
  object space 68608K, 51% used [0x00000000c0000000,0x00000000c2256a00,0x00000000c4300000)
 Metaspace       used 65652K, committed 66752K, reserved 1114112K
  class space    used 7129K, committed 7552K, reserved 1048576K
}
Event: 14,814 GC heap after
{Heap after GC invocations=34 (full 3):
 PSYoungGen      total 20992K, used 1013K [0x00000000eab00000, 0x00000000ec380000, 0x0000000100000000)
  eden space 19968K, 0% used [0x00000000eab00000,0x00000000eab00000,0x00000000ebe80000)
  from space 1024K, 98% used [0x00000000ebe80000,0x00000000ebf7d418,0x00000000ebf80000)
  to   space 2560K, 0% used [0x00000000ec100000,0x00000000ec100000,0x00000000ec380000)
 ParOldGen       total 68608K, used 36048K [0x00000000c0000000, 0x00000000c4300000, 0x00000000eab00000)
  object space 68608K, 52% used [0x00000000c0000000,0x00000000c23340a0,0x00000000c4300000)
 Metaspace       used 65652K, committed 66752K, reserved 1114112K
  class space    used 7129K, committed 7552K, reserved 1048576K
}

