# JRE version: OpenJDK Runtime Environment Temurin-17.0.7+7 (17.0.7+7) (build 17.0.7+7)
# Java VM: OpenJDK 64-Bit Server VM Temurin-17.0.7+7 (17.0.7+7, mixed mode, tiered, compressed oops, compressed class ptrs, parallel gc, linux-amd64)
GC Precious Log:
 CPUs: 4 total, 4 available
 Memory: 7372M
 Large Page Support: Disabled
 NUMA Support: Disabled
 Compressed Oops: Enabled (32-bit)
 Alignments: Space 512K, Generation 512K, Heap 2M
 Heap Min Capacity: 100M
 Heap Initial Capacity: 100M
 Heap Max Capacity: 1G
 Pre-touch: Disabled
 Parallel Workers: 4
Heap:
 PSYoungGen      total 7680K, used 1395K [0x00000000eab00000, 0x00000000eb500000, 0x0000000100000000)
  eden space 6144K, 0% used [0x00000000eab00000,0x00000000eab00000,0x00000000eb100000)
  from space 1536K, 90% used [0x00000000eb380000,0x00000000eb4dce78,0x00000000eb500000)
  to   space 1536K, 0% used [0x00000000eb100000,0x00000000eb100000,0x00000000eb280000)
 ParOldGen       total 91136K, used 90592K [0x00000000c0000000, 0x00000000c5900000, 0x00000000eab00000)
  object space 91136K, 99% used [0x00000000c0000000,0x00000000c58783e0,0x00000000c5900000)
 Metaspace       used 58988K, committed 60032K, reserved 1114112K
  class space    used 6553K, committed 7040K, reserved 1048576K
GC Heap History (20 events):
Event: 27,731 GC heap after
{Heap after GC invocations=47 (full 3):
 PSYoungGen      total 9216K, used 1518K [0x00000000eab00000, 0x00000000eb780000, 0x0000000100000000)
  eden space 7680K, 0% used [0x00000000eab00000,0x00000000eab00000,0x00000000eb280000)
  from space 1536K, 98% used [0x00000000eb280000,0x00000000eb3fb890,0x00000000eb400000)
  to   space 2560K, 0% used [0x00000000eb500000,0x00000000eb500000,0x00000000eb780000)
 ParOldGen       total 91136K, used 77313K [0x00000000c0000000, 0x00000000c5900000, 0x00000000eab00000)
  object space 91136K, 84% used [0x00000000c0000000,0x00000000c4b806b0,0x00000000c5900000)
 Metaspace       used 58584K, committed 59648K, reserved 1114112K
  class space    used 6514K, committed 6976K, reserved 1048576K
}
Event: 27,853 GC heap before
{Heap before GC invocations=48 (full 3):
 PSYoungGen      total 9216K, used 9198K [0x00000000eab00000, 0x00000000eb780000, 0x0000000100000000)
  eden space 7680K, 100% used [0x00000000eab00000,0x00000000eb280000,0x00000000eb280000)
  from space 1536K, 98% used [0x00000000eb280000,0x00000000eb3fb890,0x00000000eb400000)
  to   space 2560K, 0% used [0x00000000eb500000,0x00000000eb500000,0x00000000eb780000)
 ParOldGen       total 91136K, used 77313K [0x00000000c0000000, 0x00000000c5900000, 0x00000000eab00000)
  object space 91136K, 84% used [0x00000000c0000000,0x00000000c4b806b0,0x00000000c5900000)
 Metaspace       used 58626K, committed 59648K, reserved 1114112K
  class space    used 6515K, committed 6976K, reserved 1048576K
}
Event: 27,865 GC heap after
{Heap after GC invocations=48 (full 3):
 PSYoungGen      total 9216K, used 1392K [0x00000000eab00000, 0x00000000eb680000, 0x0000000100000000)
  eden space 7680K, 0% used [0x00000000eab00000,0x00000000eab00000,0x00000000eb280000)
  from space 1536K, 90% used [0x00000000eb500000,0x00000000eb65c1f0,0x00000000eb680000)
  to   space 2048K, 0% used [0x00000000eb280000,0x00000000eb280000,0x00000000eb480000)
 ParOldGen       total 91136K, used 78757K [0x00000000c0000000, 0x00000000c5900000, 0x00000000eab00000)
  object space 91136K, 86% used [0x00000000c0000000,0x00000000c4ce9590,0x00000000c5900000)
 Metaspace       used 58626K, committed 59648K, reserved 1114112K
  class space    used 6515K, committed 6976K, reserved 1048576K
}
Event: 27,951 GC heap before
{Heap before GC invocations=49 (full 3):
 PSYoungGen      total 9216K, used 9072K [0x00000000eab00000, 0x00000000eb680000, 0x0000000100000000)
  eden space 7680K, 100% used [0x00000000eab00000,0x00000000eb280000,0x00000000eb280000)
  from space 1536K, 90% used [0x00000000eb500000,0x00000000eb65c1f0,0x00000000eb680000)
  to   space 2048K, 0% used [0x00000000eb280000,0x00000000eb280000,0x00000000eb480000)
 ParOldGen       total 91136K, used 78757K [0x00000000c0000000, 0x00000000c5900000, 0x00000000eab00000)
  object space 91136K, 86% used [0x00000000c0000000,0x00000000c4ce9590,0x00000000c5900000)
 Metaspace       used 58640K, committed 59648K, reserved 1114112K
  class space    used 6515K, committed 6976K, reserved 1048576K
}
Event: 27,958 GC heap after
{Heap after GC invocations=49 (full 3):
 PSYoungGen      total 9216K, used 1235K [0x00000000eab00000, 0x00000000eb580000, 0x0000000100000000)
  eden space 7680K, 0% used [0x00000000eab00000,0x00000000eab00000,0x00000000eb280000)
  from space 1536K, 80% used [0x00000000eb280000,0x00000000eb3b4fa8,0x00000000eb400000)
  to   space 1536K, 0% used [0x00000000eb400000,0x00000000eb400000,0x00000000eb580000)
 ParOldGen       total 91136K, used 79954K [0x00000000c0000000, 0x00000000c5900000, 0x00000000eab00000)
  object space 91136K, 87% used [0x00000000c0000000,0x00000000c4e14b58,0x00000000c5900000)
 Metaspace       used 58640K, committed 59648K, reserved 1114112K
  class space    used 6515K, committed 6976K, reserved 1048576K
}
Event: 28,050 GC heap before
{Heap before GC invocations=50 (full 3):
 PSYoungGen      total 9216K, used 8915K [0x00000000eab00000, 0x00000000eb580000, 0x0000000100000000)
  eden space 7680K, 100% used [0x00000000eab00000,0x00000000eb280000,0x00000000eb280000)
  from space 1536K, 80% used [0x00000000eb280000,0x00000000eb3b4fa8,0x00000000eb400000)
  to   space 1536K, 0% used [0x00000000eb400000,0x00000000eb400000,0x00000000eb580000)
 ParOldGen       total 91136K, used 79954K [0x00000000c0000000, 0x00000000c5900000, 0x00000000eab00000)
  object space 91136K, 87% used [0x00000000c0000000,0x00000000c4e14b58,0x00000000c5900000)
 Metaspace       used 58681K, committed 59712K, reserved 1114112K
  class space    used 6520K, committed 6976K, reserved 1048576K
}
Event: 28,056 GC heap after
{Heap after GC invocations=50 (full 3):
 PSYoungGen      total 9216K, used 1438K [0x00000000eab00000, 0x00000000eb580000, 0x0000000100000000)
  eden space 7680K, 0% used [0x00000000eab00000,0x00000000eab00000,0x00000000eb280000)
  from space 1536K, 93% used [0x00000000eb400000,0x00000000eb567bd0,0x00000000eb580000)
  to   space 1536K, 0% used [0x00000000eb280000,0x00000000eb280000,0x00000000eb400000)
 ParOldGen       total 91136K, used 81118K [0x00000000c0000000, 0x00000000c5900000, 0x00000000eab00000)
  object space 91136K, 89% used [0x00000000c0000000,0x00000000c4f37bf8,0x00000000c5900000)
 Metaspace       used 58681K, committed 59712K, reserved 1114112K
  class space    used 6520K, committed 6976K, reserved 1048576K
}
Event: 28,137 GC heap before
{Heap before GC invocations=51 (full 3):
 PSYoungGen      total 9216K, used 9118K [0x00000000eab00000, 0x00000000eb580000, 0x0000000100000000)
  eden space 7680K, 100% used [0x00000000eab00000,0x00000000eb280000,0x00000000eb280000)
  from space 1536K, 93% used [0x00000000eb400000,0x00000000eb567bd0,0x00000000eb580000)
  to   space 1536K, 0% used [0x00000000eb280000,0x00000000eb280000,0x00000000eb400000)
 ParOldGen       total 91136K, used 81118K [0x00000000c0000000, 0x00000000c5900000, 0x00000000eab00000)
  object space 91136K, 89% used [0x00000000c0000000,0x00000000c4f37bf8,0x00000000c5900000)
 Metaspace       used 58686K, committed 59712K, reserved 1114112K
  class space    used 6520K, committed 6976K, reserved 1048576K
}
Event: 28,147 GC heap after
{Heap after GC invocations=51 (full 3):
 PSYoungGen      total 9216K, used 1524K [0x00000000eab00000, 0x00000000eb980000, 0x0000000100000000)
  eden space 7680K, 0% used [0x00000000eab00000,0x00000000eab00000,0x00000000eb280000)
  from space 1536K, 99% used [0x00000000eb280000,0x00000000eb3fd2c0,0x00000000eb400000)
  to   space 3584K, 0% used [0x00000000eb600000,0x00000000eb600000,0x00000000eb980000)
 ParOldGen       total 91136K, used 82841K [0x00000000c0000000, 0x00000000c5900000, 0x00000000eab00000)
  object space 91136K, 90% used [0x00000000c0000000,0x00000000c50e66c8,0x00000000c5900000)
 Metaspace       used 58686K, committed 59712K, reserved 1114112K
  class space    used 6520K, committed 6976K, reserved 1048576K
}
Event: 28,227 GC heap before
{Heap before GC invocations=52 (full 3):
 PSYoungGen      total 9216K, used 9204K [0x00000000eab00000, 0x00000000eb980000, 0x0000000100000000)
  eden space 7680K, 100% used [0x00000000eab00000,0x00000000eb280000,0x00000000eb280000)
  from space 1536K, 99% used [0x00000000eb280000,0x00000000eb3fd2c0,0x00000000eb400000)
  to   space 3584K, 0% used [0x00000000eb600000,0x00000000eb600000,0x00000000eb980000)
 ParOldGen       total 91136K, used 82841K [0x00000000c0000000, 0x00000000c5900000, 0x00000000eab00000)
  object space 91136K, 90% used [0x00000000c0000000,0x00000000c50e66c8,0x00000000c5900000)
 Metaspace       used 58735K, committed 59776K, reserved 1114112K
  class space    used 6524K, committed 6976K, reserved 1048576K
}
Event: 28,237 GC heap after
{Heap after GC invocations=52 (full 3):
 PSYoungGen      total 9728K, used 1644K [0x00000000eab00000, 0x00000000eb800000, 0x0000000100000000)
  eden space 7680K, 0% used [0x00000000eab00000,0x00000000eab00000,0x00000000eb280000)
  from space 2048K, 80% used [0x00000000eb600000,0x00000000eb79b180,0x00000000eb800000)
  to   space 2560K, 0% used [0x00000000eb300000,0x00000000eb300000,0x00000000eb580000)
 ParOldGen       total 91136K, used 84321K [0x00000000c0000000, 0x00000000c5900000, 0x00000000eab00000)
  object space 91136K, 92% used [0x00000000c0000000,0x00000000c5258500,0x00000000c5900000)
 Metaspace       used 58735K, committed 59776K, reserved 1114112K
  class space    used 6524K, committed 6976K, reserved 1048576K
}
Event: 28,328 GC heap before
{Heap before GC invocations=53 (full 3):
 PSYoungGen      total 9728K, used 9324K [0x00000000eab00000, 0x00000000eb800000, 0x0000000100000000)
  eden space 7680K, 100% used [0x00000000eab00000,0x00000000eb280000,0x00000000eb280000)
  from space 2048K, 80% used [0x00000000eb600000,0x00000000eb79b180,0x00000000eb800000)
  to   space 2560K, 0% used [0x00000000eb300000,0x00000000eb300000,0x00000000eb580000)
 ParOldGen       total 91136K, used 84321K [0x00000000c0000000, 0x00000000c5900000, 0x00000000eab00000)
  object space 91136K, 92% used [0x00000000c0000000,0x00000000c5258500,0x00000000c5900000)
 Metaspace       used 58796K, committed 59776K, reserved 1114112K
  class space    used 6531K, committed 6976K, reserved 1048576K
}
Event: 28,333 GC heap after
{Heap after GC invocations=53 (full 3):
 PSYoungGen      total 9728K, used 1797K [0x00000000eab00000, 0x00000000eb680000, 0x0000000100000000)
  eden space 7680K, 0% used [0x00000000eab00000,0x00000000eab00000,0x00000000eb280000)
  from space 2048K, 87% used [0x00000000eb300000,0x00000000eb4c15e0,0x00000000eb500000)
  to   space 1536K, 0% used [0x00000000eb500000,0x00000000eb500000,0x00000000eb680000)
 ParOldGen       total 91136K, used 85865K [0x00000000c0000000, 0x00000000c5900000, 0x00000000eab00000)
  object space 91136K, 94% used [0x00000000c0000000,0x00000000c53da6c0,0x00000000c5900000)
 Metaspace       used 58796K, committed 59776K, reserved 1114112K
  class space    used 6531K, committed 6976K, reserved 1048576K
}
Event: 28,509 GC heap before
{Heap before GC invocations=54 (full 3):
 PSYoungGen      total 9728K, used 9477K [0x00000000eab00000, 0x00000000eb680000, 0x0000000100000000)
  eden space 7680K, 100% used [0x00000000eab00000,0x00000000eb280000,0x00000000eb280000)
  from space 2048K, 87% used [0x00000000eb300000,0x00000000eb4c15e0,0x00000000eb500000)
  to   space 1536K, 0% used [0x00000000eb500000,0x00000000eb500000,0x00000000eb680000)
 ParOldGen       total 91136K, used 85865K [0x00000000c0000000, 0x00000000c5900000, 0x00000000eab00000)
  object space 91136K, 94% used [0x00000000c0000000,0x00000000c53da6c0,0x00000000c5900000)
 Metaspace       used 58885K, committed 59904K, reserved 1114112K
  class space    used 6543K, committed 6976K, reserved 1048576K
}
Event: 28,517 GC heap after
{Heap after GC invocations=54 (full 3):
 PSYoungGen      total 7680K, used 1532K [0x00000000eab00000, 0x00000000eba80000, 0x0000000100000000)
  eden space 6144K, 0% used [0x00000000eab00000,0x00000000eab00000,0x00000000eb100000)
  from space 1536K, 99% used [0x00000000eb500000,0x00000000eb67f0e8,0x00000000eb680000)
  to   space 4096K, 0% used [0x00000000eb100000,0x00000000eb100000,0x00000000eb500000)
 ParOldGen       total 91136K, used 87739K [0x00000000c0000000, 0x00000000c5900000, 0x00000000eab00000)
  object space 91136K, 96% used [0x00000000c0000000,0x00000000c55aed10,0x00000000c5900000)
 Metaspace       used 58885K, committed 59904K, reserved 1114112K
  class space    used 6543K, committed 6976K, reserved 1048576K
}
Event: 28,654 GC heap before
{Heap before GC invocations=55 (full 3):
 PSYoungGen      total 7680K, used 7667K [0x00000000eab00000, 0x00000000eba80000, 0x0000000100000000)
  eden space 6144K, 99% used [0x00000000eab00000,0x00000000eb0fdef0,0x00000000eb100000)
  from space 1536K, 99% used [0x00000000eb500000,0x00000000eb67f0e8,0x00000000eb680000)
  to   space 4096K, 0% used [0x00000000eb100000,0x00000000eb100000,0x00000000eb500000)
 ParOldGen       total 91136K, used 87739K [0x00000000c0000000, 0x00000000c5900000, 0x00000000eab00000)
  object space 91136K, 96% used [0x00000000c0000000,0x00000000c55aed10,0x00000000c5900000)
 Metaspace       used 58942K, committed 59904K, reserved 1114112K
  class space    used 6547K, committed 6976K, reserved 1048576K
}
Event: 28,665 GC heap after
{Heap after GC invocations=55 (full 3):
 PSYoungGen      total 7680K, used 1387K [0x00000000eab00000, 0x00000000eb600000, 0x0000000100000000)
  eden space 6144K, 0% used [0x00000000eab00000,0x00000000eab00000,0x00000000eb100000)
  from space 1536K, 90% used [0x00000000eb100000,0x00000000eb25ac68,0x00000000eb280000)
  to   space 2560K, 0% used [0x00000000eb380000,0x00000000eb380000,0x00000000eb600000)
 ParOldGen       total 91136K, used 89286K [0x00000000c0000000, 0x00000000c5900000, 0x00000000eab00000)
  object space 91136K, 97% used [0x00000000c0000000,0x00000000c5731be8,0x00000000c5900000)
 Metaspace       used 58942K, committed 59904K, reserved 1114112K
  class space    used 6547K, committed 6976K, reserved 1048576K
}
Event: 28,733 GC heap before
{Heap before GC invocations=56 (full 3):
 PSYoungGen      total 7680K, used 7531K [0x00000000eab00000, 0x00000000eb600000, 0x0000000100000000)
  eden space 6144K, 100% used [0x00000000eab00000,0x00000000eb100000,0x00000000eb100000)
  from space 1536K, 90% used [0x00000000eb100000,0x00000000eb25ac68,0x00000000eb280000)
  to   space 2560K, 0% used [0x00000000eb380000,0x00000000eb380000,0x00000000eb600000)
 ParOldGen       total 91136K, used 89286K [0x00000000c0000000, 0x00000000c5900000, 0x00000000eab00000)
  object space 91136K, 97% used [0x00000000c0000000,0x00000000c5731be8,0x00000000c5900000)
 Metaspace       used 58988K, committed 60032K, reserved 1114112K
  class space    used 6553K, committed 7040K, reserved 1048576K
}
Event: 28,754 GC heap after
{Heap after GC invocations=56 (full 3):
 PSYoungGen      total 7680K, used 1395K [0x00000000eab00000, 0x00000000eb500000, 0x0000000100000000)
  eden space 6144K, 0% used [0x00000000eab00000,0x00000000eab00000,0x00000000eb100000)
  from space 1536K, 90% used [0x00000000eb380000,0x00000000eb4dce78,0x00000000eb500000)
  to   space 1536K, 0% used [0x00000000eb100000,0x00000000eb100000,0x00000000eb280000)
 ParOldGen       total 91136K, used 90592K [0x00000000c0000000, 0x00000000c5900000, 0x00000000eab00000)
  object space 91136K, 99% used [0x00000000c0000000,0x00000000c58783e0,0x00000000c5900000)
 Metaspace       used 58988K, committed 60032K, reserved 1114112K
  class space    used 6553K, committed 7040K, reserved 1048576K
}
Event: 28,754 GC heap before
{Heap before GC invocations=57 (full 4):
 PSYoungGen      total 7680K, used 1395K [0x00000000eab00000, 0x00000000eb500000, 0x0000000100000000)
  eden space 6144K, 0% used [0x00000000eab00000,0x00000000eab00000,0x00000000eb100000)
  from space 1536K, 90% used [0x00000000eb380000,0x00000000eb4dce78,0x00000000eb500000)
  to   space 1536K, 0% used [0x00000000eb100000,0x00000000eb100000,0x00000000eb280000)
 ParOldGen       total 91136K, used 90592K [0x00000000c0000000, 0x00000000c5900000, 0x00000000eab00000)
  object space 91136K, 99% used [0x00000000c0000000,0x00000000c58783e0,0x00000000c5900000)
 Metaspace       used 58988K, committed 60032K, reserved 1114112K
  class space    used 6553K, committed 7040K, reserved 1048576K
}

